<?xml version="1.0" encoding="UTF-8"?>
<!-- Generated by org.testng.reporters.JUnitReportReporter -->
<testsuite hostname="evyatar" failures="0" tests="2" name="testcases.AddressPageTest" time="36.906" errors="0" timestamp="2022-01-09T22:04:33 IST" skipped="0">
  <testcase classname="testcases.AddressPageTest" name="verify_AddressPage_title" time="18.783"/>
  <system-out/>
  <testcase classname="testcases.AddressPageTest" name="validate_address" time="18.123"/>
  <system-out/>
</testsuite> <!-- testcases.AddressPageTest -->
