<?xml version="1.0" encoding="UTF-8"?>
<!-- Generated by org.testng.reporters.JUnitReportReporter -->
<testsuite hostname="evyatar" failures="0" tests="1" name="testcases.PaymentPageTest" time="21.488" errors="0" timestamp="2022-01-09T22:04:33 IST" skipped="0">
  <testcase classname="testcases.PaymentPageTest" name="PaymentTest" time="21.488"/>
  <system-out/>
</testsuite> <!-- testcases.PaymentPageTest -->
