<?xml version="1.0" encoding="UTF-8"?>
<!-- Generated by org.testng.reporters.JUnitReportReporter -->
<testsuite hostname="evyatar" failures="0" tests="1" name="testcases.ShippingPageTest" time="21.570" errors="0" timestamp="2022-01-09T22:04:33 IST" skipped="0">
  <testcase classname="testcases.ShippingPageTest" name="shipping_test" time="21.570"/>
  <system-out/>
</testsuite> <!-- testcases.ShippingPageTest -->
