<?xml version="1.0" encoding="UTF-8"?>
<!-- Generated by org.testng.reporters.JUnitReportReporter -->
<testsuite hostname="evyatar" failures="0" tests="1" name="testcases.EndToEndTest" time="22.935" errors="0" timestamp="2022-01-09T22:04:33 IST" skipped="0">
  <testcase classname="testcases.EndToEndTest" name="confirmation_order_message" time="22.935"/>
  <system-out/>
</testsuite> <!-- testcases.EndToEndTest -->
