<?xml version="1.0" encoding="UTF-8"?>
<!-- Generated by org.testng.reporters.JUnitReportReporter -->
<testsuite hostname="evyatar" failures="0" tests="2" name="testcases.LoginPageTest" time="15.447" errors="0" timestamp="2022-01-09T22:04:33 IST" skipped="0">
  <testcase classname="testcases.LoginPageTest" name="verify_loginPageTitle" time="6.362"/>
  <system-out/>
  <testcase classname="testcases.LoginPageTest" name="loginTest" time="9.085"/>
  <system-out/>
</testsuite> <!-- testcases.LoginPageTest -->
