<?xml version="1.0" encoding="UTF-8"?>
<!-- Generated by org.testng.reporters.JUnitReportReporter -->
<testsuite hostname="evyatar" failures="0" tests="4" name="testcases.OrderPageTest" time="80.664" errors="0" timestamp="2022-01-09T22:04:33 IST" skipped="0">
  <testcase classname="testcases.OrderPageTest" name="verify_product_available" time="22.829"/>
  <system-out/>
  <testcase classname="testcases.OrderPageTest" name="validate_product_name" time="18.459"/>
  <system-out/>
  <testcase classname="testcases.OrderPageTest" name="validate_product_size" time="19.525"/>
  <system-out/>
  <testcase classname="testcases.OrderPageTest" name="validate_product_price" time="19.851"/>
  <system-out/>
</testsuite> <!-- testcases.OrderPageTest -->
