<?xml version="1.0" encoding="UTF-8"?>
<!-- Generated by org.testng.reporters.JUnitReportReporter -->
<testsuite hostname="evyatar" failures="0" tests="2" name="testcases.HomePageTest" time="12.466" errors="0" timestamp="2022-01-09T22:04:33 IST" skipped="0">
  <testcase classname="testcases.HomePageTest" name="verify_HomePageTitle" time="6.889"/>
  <system-out/>
  <testcase classname="testcases.HomePageTest" name="verify_HomePageLogo" time="5.577"/>
  <system-out/>
</testsuite> <!-- testcases.HomePageTest -->
