<?xml version="1.0" encoding="UTF-8"?>
<!-- Generated by org.testng.reporters.JUnitReportReporter -->
<testsuite hostname="evyatar" failures="0" tests="2" name="testcases.AddToCardPageTest" time="35.606" errors="0" timestamp="2022-01-09T22:04:33 IST" skipped="0">
  <testcase classname="testcases.AddToCardPageTest" name="verify_Add_to_cartPage_title" time="17.318"/>
  <system-out/>
  <testcase classname="testcases.AddToCardPageTest" name="pick_quantity_size" time="18.288"/>
  <system-out/>
</testsuite> <!-- testcases.AddToCardPageTest -->
