<?xml version="1.0" encoding="UTF-8"?>
<!-- Generated by org.testng.reporters.JUnitReportReporter -->
<testsuite hostname="evyatar" failures="0" tests="3" name="testcases.AccountPageTest" time="31.691" errors="0" timestamp="2022-01-09T22:04:33 IST" skipped="0">
  <testcase classname="testcases.AccountPageTest" name="verify_accountPage_title" time="10.039"/>
  <system-out/>
  <testcase classname="testcases.AccountPageTest" name="verify_username_display" time="9.961"/>
  <system-out/>
  <testcase classname="testcases.AccountPageTest" name="search_box_test" time="11.691"/>
  <system-out/>
</testsuite> <!-- testcases.AccountPageTest -->
