<?xml version="1.0" encoding="UTF-8"?>
<!-- Generated by org.testng.reporters.JUnitReportReporter -->
<testsuite hostname="evyatar" failures="0" tests="3" name="testcases.SearchResultPageTest" time="38.792" errors="0" timestamp="2022-01-09T22:04:33 IST" skipped="0">
  <testcase classname="testcases.SearchResultPageTest" name="get_pageTitle" time="11.405"/>
  <system-out/>
  <testcase classname="testcases.SearchResultPageTest" name="get_resultTxt" time="11.946"/>
  <system-out/>
  <testcase classname="testcases.SearchResultPageTest" name="pick_product" time="15.441"/>
  <system-out/>
</testsuite> <!-- testcases.SearchResultPageTest -->
